<?xml version="1.0" encoding="UTF-8"?>
<!-- Generated by org.testng.reporters.JUnitReportReporter -->
<testsuite hostname="DESKTOP-GRE8QJG" failures="0" tests="1" name="testCases.Calander" time="0.844" errors="0" timestamp="2022-01-11T10:42:13 IST" skipped="0">
  <testcase classname="testCases.Calander" name="cal" time="0.844"/>
  <system-out/>
</testsuite> <!-- testCases.Calander -->
